Resumed job: 2a1e5aea-bbbe-4b49-83fd-cca33476542d
⠸ Pipeline                                          Review...

Edit 1: polishing article...

⠙ Pipeline ━━━━━━━━                                 Research done

Research
                                  SERP Results                                   
┏━━━━━━┳━━━━━━━━━━━━━━━━━━━┳━━━━━━━━━━━━━━━━━━━━━━━━━━━━━━━━━━━━━━━━━━━━━━━━━━━━┓
┃ #    ┃ Domain            ┃ Title                                              ┃
┡━━━━━━╇━━━━━━━━━━━━━━━━━━━╇━━━━━━━━━━━━━━━━━━━━━━━━━━━━━━━━━━━━━━━━━━━━━━━━━━━━┩
│ 1    │ www.teamwork.com  │ Top 10 Team Productivity Tools to Work Smarter in  │
│ 2    │ vibe.us           │ 19 Top Collaboration Tools for Remote Teams (2026) │
│ 3    │ www.achievers.com │ Top 15 remote collaboration tools for 2026         │
│ 4    │ www.myoutdesk.com │ 20 Best Collaboration Tools for Remote Teams [2026 │
│ 5    │ usevoicy.com      │ 12 Best Tools for Remote Workers in 2026 (Tested & │
│ 6    │ tmetric.com       │ 5 Best Time Management Apps for Remote Teams in 20 │
│ 7    │ www.avs4you.com   │ Top Productivity Tools for Remote Teams in 2026 -  │
│ 8    │ www.kickidler.com │ Top 10 Tools for Managing Remote Teams in 2026     │
└──────┴───────────────────┴────────────────────────────────────────────────────┘
  People Also Ask: 0 questions

⠙ Pipeline ━━━━━━━━━━━━━━━━                         Plan done

Plan
Best Productivity Tools for Remote Teams 2026: Build a Smarter, Leaner Stack
├── Why Your Remote Team's Tool Stack Might Be Hurting Productivity (160w)
├── How to Choose Remote Working Software That Actually Fits Your Team (180w)
├── Communication & Async Collaboration: Fewer Meetings, More Momentum (220w)
├── Project & Task Management: From Chaos to Coordinated Execution (220w)
├── AI Tools for Remote Teams: The 2026 Productivity Multipliers (220w)
├── Time Management & Deep Work: Top Apps for Remote Workers in 2026 (150w)
├── Budget-Friendly & Open-Source Alternatives for Bootstrapped Remote Teams (160w)
└── Security, Privacy & Compliance: The Non-Negotiable Checklist for 2026 (140w)
  Estimated: 1450 words | 6 FAQ questions
╭────────────────────────────────────────────────── Editorial Brief ───────────────────────────────────────────────────╮
│ Audience: Mid-level managers, operations leads, and founders at small-to-medium remote-first companies (10–100       │
│ employees) who are actively evaluating or auditing their team's software stack. They are experiencing tool sprawl,   │
│ rising SaaS costs, or declining team engagement with existing tools, and need a practical, trustworthy guide to make │
│ confident purchasing decisions in 2026.                                                                              │
│ Tone: Authoritative but pragmatic — like advice from a senior ops consultant who has actually managed distributed    │
│ teams. Confident in recommendations, honest about trade-offs, and respectful of the reader's intelligence. Avoids    │
│ hype language and affiliate-bait superlatives.                                                                       │
│ Angle: Instead of 'here are 20 great tools,' this article takes the position that most remote teams already have too │
│ many tools — and that the real productivity unlock in 2026 is building a smaller, smarter, better-integrated stack.  │
│ The article acts as a strategic buying guide, not a product directory.                                               │
│ Differentiators: Anti-sprawl framing: Directly addresses app fatigue and context switching costs as the central      │
│ problem, positioning tool consolidation as the productivity strategy — a perspective absent from all top-ranking     │
│ competitors., Security and compliance depth: Dedicates a full section to SOC 2, end-to-end encryption, and data      │
│ privacy — a critical purchase criterion for enterprise buyers that is almost entirely ignored in the current SERP.,  │
│ Budget-friendly and open-source stack: Includes a concrete, costed alternative stack for bootstrapped startups,      │
│ filling a gap left by competitors who focus exclusively on enterprise SaaS., AI tool skepticism: Rather than         │
│ uncritically celebrating every AI feature, the article helps readers evaluate whether standalone AI tools are worth  │
│ buying or whether embedded AI in existing platforms already covers the need — reducing redundant spend.              │
│ Gaps to fill: Combating App Fatigue and Context Switching: Addressed in the intro framing, the tool selection        │
│ criteria section, and reinforced throughout with consolidation tips., Security, Data Privacy, and Compliance: Given  │
│ a dedicated H2 section with actionable checklist format, targeting IT buyers and security-conscious                  │
│ decision-makers., Budget-Friendly and Open-Source Alternatives: Dedicated H2 section with a sample lean stack and    │
│ specific open-source tools, targeting startups and cost-sensitive SMBs underserved by the current SERP.              │
╰──────────────────────────────────────────────────────────────────────────────────────────────────────────────────────╯

⠙ Pipeline ━━━━━━━━━━━━━━━━━━━━━━━━                 Generate done

Generate
                         Article Sections                          
┏━━━━━━━━━━━━━━━━━━━━━━━━━━━━━━━━━━━━━━━━━━━━━━━┳━━━━━━━┳━━━━━━━━━┓
┃ Heading                                       ┃ Level ┃   Words ┃
┡━━━━━━━━━━━━━━━━━━━━━━━━━━━━━━━━━━━━━━━━━━━━━━━╇━━━━━━━╇━━━━━━━━━┩
│ Choosing the Right Remote Working Software: A │ h1    │     172 │
│ How to Choose Remote Working Software That Ac │ h2    │     179 │
│ Communication and Async Collaboration: Fewer  │ h2    │     206 │
│ Project and Task Management: From Chaos to Co │ h2    │     166 │
│ AI Tools for Remote Teams: The 2026 Productiv │ h2    │     156 │
│ Time Management and Deep Work: Top Apps for R │ h2    │     124 │
│ Budget-Friendly and Open-Source Alternatives  │ h2    │     143 │
│ Security, Privacy, and Compliance: The Non-Ne │ h2    │     132 │
└───────────────────────────────────────────────┴───────┴─────────┘
  Total: 1726 words | 6 FAQ items

⠙ Pipeline ━━━━━━━━━━━━━━━━━━━━━━━━━━━━━━━━         Score done

Score
                                       Quality Score                                       
┏━━━━━━━━━━━━━━━━━━━━━━━━━━┳━━━━━━━━━┳━━━━━━━━━━━━━━━━━━━━━━━━━━━━━━━━━━━━━━━━━━━━━━━━━━━━┓
┃ Dimension                ┃   Score ┃ Feedback                                           ┃
┡━━━━━━━━━━━━━━━━━━━━━━━━━━╇━━━━━━━━━╇━━━━━━━━━━━━━━━━━━━━━━━━━━━━━━━━━━━━━━━━━━━━━━━━━━━━┩
│ keyword_usage            │    0.30 │ Primary keyword missing from introduction; Keyword │
│ heading_structure        │    1.00 │ Good heading structure                             │
│ word_count_target        │    0.70 │ 1726 words (target: 1500, ratio: 115%)             │
│ differentiation_delivery │    1.00 │ Strong differentiation from competitors            │
│ readability_metrics      │    0.70 │ Flesch RE: 47.2; Grade level: 10.0                 │
│ humanity                 │    1.00 │ Content reads naturally                            │
│ keyword_distribution     │    0.00 │ Distribution score: 0.00; Uneven keyword placement │
│ content_depth            │    0.95 │ The article provides an expert-level deep dive tha │
│ differentiation          │    0.98 │ This content successfully avoids 'affiliate-bait'  │
│ accuracy                 │    0.98 │ The article is highly accurate and aligns with ind │
│ consistency              │    1.00 │ The article maintains a flawless 'senior ops consu │
│ readability              │    0.90 │ The article adopts a sophisticated, consultant-sty │
│ actionability            │    0.95 │ This is exceptionally actionable content. It provi │
└──────────────────────────┴─────────┴────────────────────────────────────────────────────┘
  Overall: 0.80 PASS

  Pipeline ━━━━━━━━━━━━━━━━━━━━━━━━━━━━━━━━━━━━━━━━ Review done

Review
  Review: PASS
  The article is an excellent strategic resource that successfully moves beyond the 'listicle' format to provide genuine
consulting value. It aligns perfectly with the editorial brief's anti-sprawl stance and highlights critical 
differentiators like security and open-source alternatives.
  Strengths:
    + Strong anti-sprawl framing that positions tool consolidation as a strategic productivity move rather than just a 
cost-cutting one.
    + The 'Budget-Friendly and Open-Source' section is a high-value differentiator that targets a specific content gap 
in the current SERP.
    + The authoritative but pragmatic tone ('digital junkyard', 'where does this live? friction') establishes high trust
with the target SMB audience.
    + Excellent use of specific 2026-relevant advice regarding embedded AI vs. standalone AI tools.
                                               Review Issues                                               
┏━━━━━━━━━━━━┳━━━━━━━━━━━━━━━━━━━━━┳━━━━━━━━━━━━━━━━━━━━━━━━━━━━━━━━━━━━━━━━━━━━━━━┳━━━━━━━━━━━━━━━━━━━━━━┓
┃ Severity   ┃ Category            ┃ Description                                   ┃ Section              ┃
┡━━━━━━━━━━━━╇━━━━━━━━━━━━━━━━━━━━━╇━━━━━━━━━━━━━━━━━━━━━━━━━━━━━━━━━━━━━━━━━━━━━━━╇━━━━━━━━━━━━━━━━━━━━━━┩
│ major      │ factual_consistency │ The article and FAQ claim that AI tools like  │ AI Tools for Remote  │
│            │                     │                                               │ Teams: The 2026      │
│            │                     │                                               │ Productivity         │
│            │                     │                                               │ Multipliers          │
│ minor      │ tone_and_voice      │ The 'Time Management and Deep Work' section f │ Time Management and  │
│            │                     │                                               │ Deep Work: Top Apps  │
│            │                     │                                               │ for Remote Workers   │
│            │                     │                                               │ in 2026              │
│ minor      │ engagement_quality  │ While the security section is a great differe │ Security, Privacy,   │
│            │                     │                                               │ and Compliance: The  │
│            │                     │                                               │ Non-Negotiable       │
│            │                     │                                               │ Checklist            │
│ minor      │ actionability       │ The 'tooling audit' mentioned in the first H2 │ How to Choose Remote │
│            │                     │                                               │ Working Software     │
│            │                     │                                               │ That Actually Fits   │
│            │                     │                                               │ Your Team            │
└────────────┴─────────────────────┴───────────────────────────────────────────────┴──────────────────────┘

  Pipeline ━━━━━━━━━━━━━━━━━━━━━━━━━━━━━━━━━━━━━━━━ done


